Generating 3D model for part ZXHY-0402_3887820567.
	*Warning: No mapping for cell/part ZXHY-0402_3887820567
Generating 3D model for part ANT-RAINSUN-AP5120_2564207966.
	*Warning: No mapping for cell/part ANT-RAINSUN-AP5120_2564207966
Generating 3D model for part ZXSN-0402_3837308232.
	*Warning: No mapping for cell/part ZXSN-0402_3837308232
Generating 3D model for part LED_0402_2721600296.
	*Warning: No mapping for cell/part LED_0402_2721600296
Generating 3D model for part HDR1X12_2.54_1483493297.
	*Warning: No mapping for cell/part HDR1X12_2.54_1483493297
Generating 3D model for part ESP32-PICO_1854190028.
	*Warning: No mapping for cell/part ESP32-PICO_1854190028
Generating 3D model for part WOZP_3887820567.
	*Warning: No mapping for cell/part WOZP_3887820567
Generating 3D model for part HDR2X1_2.54_3486560356.
	*Warning: No mapping for cell/part HDR2X1_2.54_3486560356
Generating 3D model for part HDR1X8_2.54_3450535279.
	*Warning: No mapping for cell/part HDR1X8_2.54_3450535279
Generating 3D model for part BUTTONTACT_3446591834.
	*Warning: No mapping for cell/part BUTTONTACT_3446591834
Generating 3D model for part HDR1X18_2.54_3895220743.
	*Warning: No mapping for cell/part HDR1X18_2.54_3895220743
Generating 3D model for part SMT_TRIODE_NPN_1100093132.
	*Warning: No mapping for cell/part SMT_TRIODE_NPN_1100093132
Generating 3D model for part SN65HVD232D_4020058364.
	*Warning: No mapping for cell/part SN65HVD232D_4020058364
Generating 3D model for part MPU6050_2343037777.
	*Warning: No mapping for cell/part MPU6050_2343037777
Generating 3D model for part LP2992_813006941.
	*Warning: No mapping for cell/part LP2992_813006941
Generating 3D model for part CP2102_4185390068.
	*Warning: No mapping for cell/part CP2102_4185390068
Generating 3D model for part USB-TYPE-C-TOP_4063402163.
	*Warning: No mapping for cell/part USB-TYPE-C-TOP_4063402163
