Drill Listing
=============
Drill: .01  Tool: 1  Feed: 95  Speed: 300
X 105905  Y 121653
X 110826  Y 125590
X 115748  Y 120669
X 123622  Y 102952
X 134448  Y 102952
X 144291  Y 126574
X 145275  Y 102952
X 151181  Y 125590
X 154133  Y 102952
X 164960  Y 125590
X 165944  Y 102952
X 170866  Y 124606
X 174803  Y 102952
X 179690  Y 118946
X 184645  Y 102952
X 185428  Y 126722
X 185629  Y 115748
X 193517  Y 121654
X 195472  Y 102952
X 216141  Y 102952
X 222508  Y 113439
X 222508  Y 116716
X 231889  Y 124606
X 233858  Y 115748
X 235795  Y 124629
X 249606  Y 125590
X 251574  Y 104921
X 263809  Y 116246
X 276181  Y 106889
X 279133  Y 117716
X 292913  Y 121653
X 297834  Y 118700
X 303740  Y 118700
X 304724  Y 131496
X 300972  Y 142287
X 292913  Y 131496
X 288900  Y 145891
X 278149  Y 141338
X 277165  Y 131496
X 264441  Y 145892
X 264370  Y 150196
X 235795  Y 130439
X 235795  Y 136403
X 234842  Y 152165
X 220078  Y 132480
X 218499  Y 143631
X 214641  Y 131714
X 213440  Y 136906
X 212204  Y 147269
X 209053  Y 143488
X 197989  Y 151287
X 192519  Y 143307
X 189566  Y 152165
X 187598  Y 139370
X 173818  Y 133464
X 169881  Y 141338
X 166929  Y 147244
X 165944  Y 135433
X 165944  Y 140354
X 162007  Y 128543
X 161023  Y 144291
X 153999  Y 150462
X 148228  Y 145275
X 147244  Y 135433
X 146259  Y 130511
X 142322  Y 138385
X 140354  Y 132480
X 123622  Y 152165
X 117716  Y 152165
X 116732  Y 145275
X 114763  Y 137401
X 114763  Y 151181
X 112795  Y 146259
X 111811  Y 151181
X 109842  Y 132480
X 108858  Y 151181
X 108858  Y 139370
X 105905  Y 145275
X 105905  Y 151181
X 103937  Y 129527
X 103937  Y 138385
X 103059  Y 147141
X 102952  Y 151181
X 117716  Y 161023
X 117716  Y 158070
X 117716  Y 155118
X 117716  Y 171850
X 117716  Y 168897
X 117716  Y 165944
X 117716  Y 177755
X 117716  Y 174803
X 120669  Y 161023
X 120669  Y 165944
X 121653  Y 169881
X 121653  Y 157086
X 122536  Y 177427
X 123622  Y 161023
X 123622  Y 165944
X 126574  Y 161023
X 126574  Y 165944
X 128543  Y 157086
X 129527  Y 161023
X 132480  Y 162007
X 133464  Y 164960
X 135433  Y 176771
X 144260  Y 171216
X 163893  Y 174615
X 174803  Y 171850
X 175787  Y 164960
X 186614  Y 171850
X 186614  Y 160039
X 194402  Y 155178
X 200393  Y 169881
X 216141  Y 157086
X 234821  Y 169517
X 234878  Y 172258
X 238779  Y 156102
X 264688  Y 168700
X 269253  Y 175607
X 293897  Y 160039
X 296850  Y 174803
X 298818  Y 162992
X 299803  Y 169881
X 295866  Y 192519
X 288900  Y 196427
X 278149  Y 194488
X 272244  Y 188582
X 266338  Y 189566
X 239763  Y 181692
X 238779  Y 187598
X 228937  Y 200393
X 221062  Y 183661
X 209290  Y 191065
X 200393  Y 182677
X 188821  Y 193675
X 179690  Y 183583
X 169881  Y 179724
X 167913  Y 185629
X 167913  Y 198425
X 158244  Y 183142
X 148882  Y 200145
X 144291  Y 181692
X 143307  Y 186614
X 141338  Y 178740
X 138385  Y 185629
X 138385  Y 201377
X 135433  Y 181692
X 122605  Y 182042
X 122221  Y 185135
X 117716  Y 195472
X 117716  Y 186614
X 117716  Y 192519
X 117716  Y 183661
X 117716  Y 180708
X 117716  Y 189566
X 114763  Y 196456
X 113779  Y 200393
X 111811  Y 196456
X 108858  Y 196456
X 108858  Y 201377
X 105905  Y 196456
X 103937  Y 201377
X 102952  Y 196456
X 102952  Y 222047
X 103937  Y 207283
X 104921  Y 215157
X 106889  Y 220078
X 107874  Y 209251
X 108858  Y 206299
X 109842  Y 213188
X 110826  Y 222047
X 117716  Y 216141
X 119654  Y 205820
X 126574  Y 224015
X 129527  Y 218110
X 135433  Y 223031
X 139370  Y 212204
X 145275  Y 214173
X 148228  Y 219094
X 170866  Y 209251
X 180058  Y 205820
X 182677  Y 213188
X 191291  Y 205890
X 223031  Y 203346
X 224015  Y 207283
X 227952  Y 205314
X 239763  Y 215157
X 246653  Y 218110
X 248622  Y 214173
X 251574  Y 221062
X 256496  Y 217125
X 268307  Y 217125
X 269291  Y 221062
X 275196  Y 218110
X 284055  Y 219094
X 291929  Y 215157
X 304724  Y 220078
X 265354  Y 235826
X 254527  Y 235826
X 244685  Y 235826
X 233858  Y 235826
X 224015  Y 235826
X 214173  Y 236811
X 205314  Y 235826
X 194488  Y 235826
X 184645  Y 235826
X 173818  Y 234842
X 164960  Y 236811
X 154133  Y 235826
X 144291  Y 235826
X 135433  Y 235826
X 124606  Y 235826

Drill: .02362  Tool: 2  Feed: 197  Speed: 550
X 297125  Y 186712 X 299488  Y 186712
X 297125  Y 152657 X 299488  Y 152657
X 280393  Y 152657 X 284724  Y 152657
X 280393  Y 186712 X 284724  Y 186712

Drill: .02559  Tool: 3  Feed: 197  Speed: 550
X 284527  Y 158307
X 284527  Y 181062

Drill: .032  Tool: 4  Feed: 197  Speed: 550
X 119291  Y 106968
X 129291  Y 106968
X 139291  Y 106968
X 149291  Y 106968
X 159291  Y 106968
X 169291  Y 106968
X 179291  Y 106968
X 189291  Y 106968
X 199291  Y 106968
X 209291  Y 106968
X 219291  Y 106968
X 229291  Y 106968
X 269009  Y 123690
X 269009  Y 133690
X 253543  Y 136457
X 253543  Y 146457
X 253543  Y 156457
X 253543  Y 166457
X 253543  Y 176457
X 119291  Y 232755
X 129291  Y 232755
X 139291  Y 232755
X 149291  Y 232755
X 159291  Y 232755
X 169291  Y 232755
X 179291  Y 232755
X 189291  Y 232755
X 199291  Y 232755
X 209291  Y 232755
X 219291  Y 232755
X 229291  Y 232755
X 239291  Y 232755
X 249291  Y 232755
X 253543  Y 206457
X 253543  Y 186457
X 253543  Y 196457
X 259291  Y 232755
X 269291  Y 232755
X 279291  Y 232755
X 289291  Y 232755

Drill: .07874  Tool: 5  Feed: 81  Speed: 550
X 107874  Y 107874
X 300787  Y 107874
X 301062  Y 232292
X 107874  Y 231889

End of Listing
